[debug] [2021-07-18T17:53:49.500Z] ----------------------------------------------------------------------
[debug] [2021-07-18T17:53:49.507Z] Command:       C:\Program Files\nodejs\node.exe C:\Users\krish\AppData\Roaming\npm\node_modules\firebase-tools\lib\bin\firebase.js deploy
[debug] [2021-07-18T17:53:49.508Z] CLI Version:   9.14.0
[debug] [2021-07-18T17:53:49.509Z] Platform:      win32
[debug] [2021-07-18T17:53:49.509Z] Node Version:  v14.15.0
[debug] [2021-07-18T17:53:49.514Z] Time:          Sun Jul 18 2021 23:23:49 GMT+0530 (India Standard Time)
[debug] [2021-07-18T17:53:49.515Z] ----------------------------------------------------------------------
[debug] 
[debug] [2021-07-18T17:53:49.542Z] > command requires scopes: ["email","openid","https://www.googleapis.com/auth/cloudplatformprojects.readonly","https://www.googleapis.com/auth/firebase","https://www.googleapis.com/auth/cloud-platform"]
[debug] [2021-07-18T17:53:49.542Z] > authorizing via signed-in user (kaykrishna555@gmail.com)
[debug] [2021-07-18T17:53:49.543Z] [iam] checking project animeshower for permissions ["firebase.projects.get","firebasehosting.sites.update"]
[debug] [2021-07-18T17:53:49.549Z] >>> HTTP REQUEST POST https://cloudresourcemanager.googleapis.com/v1/projects/animeshower:testIamPermissions  
 {"permissions":["firebase.projects.get","firebasehosting.sites.update"]}
[debug] [2021-07-18T17:53:51.605Z] <<< HTTP RESPONSE 200 {"content-type":"application/json; charset=UTF-8","vary":"X-Origin, Referer, Origin,Accept-Encoding","date":"Sun, 18 Jul 2021 17:53:51 GMT","server":"ESF","cache-control":"private","x-xss-protection":"0","x-frame-options":"SAMEORIGIN","x-content-type-options":"nosniff","server-timing":"gfet4t7; dur=1151","alt-svc":"h3=\":443\"; ma=2592000,h3-29=\":443\"; ma=2592000,h3-T051=\":443\"; ma=2592000,h3-Q050=\":443\"; ma=2592000,h3-Q046=\":443\"; ma=2592000,h3-Q043=\":443\"; ma=2592000,quic=\":443\"; ma=2592000; v=\"46,43\"","accept-ranges":"none","transfer-encoding":"chunked"}
[debug] [2021-07-18T17:53:51.612Z] > refreshing access token with scopes: []
[debug] [2021-07-18T17:53:51.613Z] >>> HTTP REQUEST POST https://www.googleapis.com/oauth2/v3/token  
 <request body omitted>
[debug] [2021-07-18T17:53:51.952Z] <<< HTTP RESPONSE 200 {"expires":"Mon, 01 Jan 1990 00:00:00 GMT","cache-control":"no-cache, no-store, max-age=0, must-revalidate","date":"Sun, 18 Jul 2021 17:53:52 GMT","pragma":"no-cache","content-type":"application/json; charset=utf-8","vary":"X-Origin, Referer, Origin,Accept-Encoding","server":"scaffolding on HTTPServer2","x-xss-protection":"0","x-frame-options":"SAMEORIGIN","x-content-type-options":"nosniff","alt-svc":"h3=\":443\"; ma=2592000,h3-29=\":443\"; ma=2592000,h3-T051=\":443\"; ma=2592000,h3-Q050=\":443\"; ma=2592000,h3-Q046=\":443\"; ma=2592000,h3-Q043=\":443\"; ma=2592000,quic=\":443\"; ma=2592000; v=\"46,43\"","accept-ranges":"none","transfer-encoding":"chunked"}
[debug] [2021-07-18T17:53:51.983Z] >>> [apiv2][query] GET https://firebase.googleapis.com/v1beta1/projects/animeshower [none]
[debug] [2021-07-18T17:53:52.530Z] <<< [apiv2][status] GET https://firebase.googleapis.com/v1beta1/projects/animeshower 200
[debug] [2021-07-18T17:53:52.530Z] <<< [apiv2][body] GET https://firebase.googleapis.com/v1beta1/projects/animeshower {"projectId":"animeshower","projectNumber":"141223333420","displayName":"animeshower","name":"projects/animeshower","resources":{"hostingSite":"animeshower"},"state":"ACTIVE"}
[info] 
[info] === Deploying to 'animeshower'...
[info] 
[info] i  deploying hosting 
[debug] [2021-07-18T17:53:52.547Z] > refreshing access token with scopes: ["email","https://www.googleapis.com/auth/cloud-platform","https://www.googleapis.com/auth/cloudplatformprojects.readonly","https://www.googleapis.com/auth/firebase","openid"]
[debug] [2021-07-18T17:53:52.548Z] >>> HTTP REQUEST POST https://www.googleapis.com/oauth2/v3/token  
 <request body omitted>
[debug] [2021-07-18T17:53:52.830Z] <<< HTTP RESPONSE 200 {"pragma":"no-cache","date":"Sun, 18 Jul 2021 17:53:53 GMT","expires":"Mon, 01 Jan 1990 00:00:00 GMT","cache-control":"no-cache, no-store, max-age=0, must-revalidate","content-type":"application/json; charset=utf-8","vary":"X-Origin, Referer, Origin,Accept-Encoding","server":"scaffolding on HTTPServer2","x-xss-protection":"0","x-frame-options":"SAMEORIGIN","x-content-type-options":"nosniff","alt-svc":"h3=\":443\"; ma=2592000,h3-29=\":443\"; ma=2592000,h3-T051=\":443\"; ma=2592000,h3-Q050=\":443\"; ma=2592000,h3-Q046=\":443\"; ma=2592000,h3-Q043=\":443\"; ma=2592000,quic=\":443\"; ma=2592000; v=\"46,43\"","accept-ranges":"none","transfer-encoding":"chunked"}
[debug] [2021-07-18T17:53:52.856Z] >>> HTTP REQUEST POST https://firebasehosting.googleapis.com/v1beta1/sites/animeshower/versions  
 {"config":{"rewrites":[{"glob":"**","path":"/index.html"}]},"labels":{"deployment-tool":"cli-firebase"}}
[debug] [2021-07-18T17:53:55.037Z] <<< HTTP RESPONSE 200 {"content-type":"application/json; charset=UTF-8","vary":"X-Origin, Referer, Origin,Accept-Encoding","date":"Sun, 18 Jul 2021 17:53:55 GMT","server":"ESF","cache-control":"private","x-xss-protection":"0","x-frame-options":"SAMEORIGIN","x-content-type-options":"nosniff","alt-svc":"h3=\":443\"; ma=2592000,h3-29=\":443\"; ma=2592000,h3-T051=\":443\"; ma=2592000,h3-Q050=\":443\"; ma=2592000,h3-Q046=\":443\"; ma=2592000,h3-Q043=\":443\"; ma=2592000,quic=\":443\"; ma=2592000; v=\"46,43\"","accept-ranges":"none","transfer-encoding":"chunked"}
[info] i  hosting[animeshower]: beginning deploy... 
[info] i  hosting[animeshower]: found 15 files in build 
[debug] [2021-07-18T17:53:55.330Z] > refreshing access token with scopes: []
[debug] [2021-07-18T17:53:55.331Z] >>> HTTP REQUEST POST https://www.googleapis.com/oauth2/v3/token  
 <request body omitted>
[debug] [2021-07-18T17:53:55.335Z] [hosting] hash cache [YnVpbGQ] stored for 15 files
[debug] [2021-07-18T17:53:55.336Z] [hosting][hash queue][FINAL] {"max":224,"min":14,"avg":41.6,"active":0,"complete":15,"success":15,"errored":0,"retried":0,"total":15,"elapsed":245}
[debug] [2021-07-18T17:53:55.605Z] <<< HTTP RESPONSE 200 {"date":"Sun, 18 Jul 2021 17:53:55 GMT","pragma":"no-cache","cache-control":"no-cache, no-store, max-age=0, must-revalidate","expires":"Mon, 01 Jan 1990 00:00:00 GMT","content-type":"application/json; charset=utf-8","vary":"X-Origin, Referer, Origin,Accept-Encoding","server":"scaffolding on HTTPServer2","x-xss-protection":"0","x-frame-options":"SAMEORIGIN","x-content-type-options":"nosniff","alt-svc":"h3=\":443\"; ma=2592000,h3-29=\":443\"; ma=2592000,h3-T051=\":443\"; ma=2592000,h3-Q050=\":443\"; ma=2592000,h3-Q046=\":443\"; ma=2592000,h3-Q043=\":443\"; ma=2592000,quic=\":443\"; ma=2592000; v=\"46,43\"","accept-ranges":"none","transfer-encoding":"chunked"}
[debug] [2021-07-18T17:53:55.664Z] >>> [apiv2][query] POST https://firebasehosting.googleapis.com/v1beta1/sites/animeshower/versions/9893dafc69039852:populateFiles [none]
[debug] [2021-07-18T17:53:55.665Z] >>> [apiv2][body] POST https://firebasehosting.googleapis.com/v1beta1/sites/animeshower/versions/9893dafc69039852:populateFiles {"files":{"/manifest.json":"aff3449bdc238776f5d6d967f19ec491b36aed5fb7f23ccff6500736fd58494a","/robots.txt":"bfe106a3fb878dc83461c86818bf74fc1bdc7f28538ba613cd3e775516ce8b49","/asset-manifest.json":"cfc4cb07bd8acdba45d44606bda33878f9ed4cb2e1e102271cdc035bf59f5763","/index.html":"9a8ec1e31c18d8ff825305ee6ccc87b1610086f6a29ff7e7a56ef7d1e218437d","/static/css/main.419f9187.chunk.css":"511dcdcf1914c88d30a3696e4be68e60235774e258067ba3a0e758b910ffd1bc","/static/css/main.419f9187.chunk.css.map":"1b11705361f0b543a8e9752ac85a5d443a19a0700cf4d509922c9777f165689a","/static/js/2.4ecff1cd.chunk.js.LICENSE.txt":"ff6e1e979db9369a9f7416a242049ffecf6a913bd1a6c3b5da956e28224606d9","/static/js/3.7ac999bb.chunk.js":"ff1016bcaed684016a75c61426097d857b34668c8688e9892d13f315b5e566b1","/static/js/3.7ac999bb.chunk.js.map":"4bab1f7f2fe2cd1760e38ece394b0fdc7afdd69538a9f26bceb3b1995f60f96c","/static/js/runtime-main.a13ca960.js":"fd38944eda9b70b6cfa56ab872deea971b36f59e7ac50cdc6f0e08dba7e8f600","/static/js/main.63fe21f1.chunk.js":"1d85e60f4d9be96a87492dedf98a14f0ff8d007f1cd7d3bae0311b7cda743385","/static/js/runtime-main.a13ca960.js.map":"512a67afb1355fa94a584ad1f4c230e3d8f61d1c6dde79b29b335190fc669f00","/static/js/main.63fe21f1.chunk.js.map":"4a6d408ed7736d5e652ba6d8b919d0c559c2792c88b372024d957375216b2be0","/static/js/2.4ecff1cd.chunk.js":"5c1022b38968f0bd01f8268daeced520055cc9334b46c932b540d03099efa1e7","/static/js/2.4ecff1cd.chunk.js.map":"7e89de331a174f673640a41a4807357cac8b79fca9757857ddcd2ea6aad5118e"}}
[debug] [2021-07-18T17:53:57.735Z] <<< [apiv2][status] POST https://firebasehosting.googleapis.com/v1beta1/sites/animeshower/versions/9893dafc69039852:populateFiles 200
[debug] [2021-07-18T17:53:57.735Z] <<< [apiv2][body] POST https://firebasehosting.googleapis.com/v1beta1/sites/animeshower/versions/9893dafc69039852:populateFiles {"uploadRequiredHashes":["511dcdcf1914c88d30a3696e4be68e60235774e258067ba3a0e758b910ffd1bc","4a6d408ed7736d5e652ba6d8b919d0c559c2792c88b372024d957375216b2be0","7e89de331a174f673640a41a4807357cac8b79fca9757857ddcd2ea6aad5118e","1d85e60f4d9be96a87492dedf98a14f0ff8d007f1cd7d3bae0311b7cda743385","1b11705361f0b543a8e9752ac85a5d443a19a0700cf4d509922c9777f165689a","cfc4cb07bd8acdba45d44606bda33878f9ed4cb2e1e102271cdc035bf59f5763","9a8ec1e31c18d8ff825305ee6ccc87b1610086f6a29ff7e7a56ef7d1e218437d","5c1022b38968f0bd01f8268daeced520055cc9334b46c932b540d03099efa1e7"],"uploadUrl":"https://upload-firebasehosting.googleapis.com/upload/sites/animeshower/versions/9893dafc69039852/files"}
[debug] [2021-07-18T17:53:57.741Z] >>> [apiv2][query] POST https://upload-firebasehosting.googleapis.com/upload/sites/animeshower/versions/9893dafc69039852/files/511dcdcf1914c88d30a3696e4be68e60235774e258067ba3a0e758b910ffd1bc [none]
[debug] [2021-07-18T17:53:57.741Z] >>> [apiv2][body] POST https://upload-firebasehosting.googleapis.com/upload/sites/animeshower/versions/9893dafc69039852/files/511dcdcf1914c88d30a3696e4be68e60235774e258067ba3a0e758b910ffd1bc [stream]
[debug] [2021-07-18T17:53:57.744Z] >>> [apiv2][query] POST https://upload-firebasehosting.googleapis.com/upload/sites/animeshower/versions/9893dafc69039852/files/4a6d408ed7736d5e652ba6d8b919d0c559c2792c88b372024d957375216b2be0 [none]
[debug] [2021-07-18T17:53:57.744Z] >>> [apiv2][body] POST https://upload-firebasehosting.googleapis.com/upload/sites/animeshower/versions/9893dafc69039852/files/4a6d408ed7736d5e652ba6d8b919d0c559c2792c88b372024d957375216b2be0 [stream]
[debug] [2021-07-18T17:53:57.746Z] >>> [apiv2][query] POST https://upload-firebasehosting.googleapis.com/upload/sites/animeshower/versions/9893dafc69039852/files/7e89de331a174f673640a41a4807357cac8b79fca9757857ddcd2ea6aad5118e [none]
[debug] [2021-07-18T17:53:57.747Z] >>> [apiv2][body] POST https://upload-firebasehosting.googleapis.com/upload/sites/animeshower/versions/9893dafc69039852/files/7e89de331a174f673640a41a4807357cac8b79fca9757857ddcd2ea6aad5118e [stream]
[debug] [2021-07-18T17:53:57.749Z] >>> [apiv2][query] POST https://upload-firebasehosting.googleapis.com/upload/sites/animeshower/versions/9893dafc69039852/files/1d85e60f4d9be96a87492dedf98a14f0ff8d007f1cd7d3bae0311b7cda743385 [none]
[debug] [2021-07-18T17:53:57.749Z] >>> [apiv2][body] POST https://upload-firebasehosting.googleapis.com/upload/sites/animeshower/versions/9893dafc69039852/files/1d85e60f4d9be96a87492dedf98a14f0ff8d007f1cd7d3bae0311b7cda743385 [stream]
[debug] [2021-07-18T17:53:57.751Z] >>> [apiv2][query] POST https://upload-firebasehosting.googleapis.com/upload/sites/animeshower/versions/9893dafc69039852/files/1b11705361f0b543a8e9752ac85a5d443a19a0700cf4d509922c9777f165689a [none]
[debug] [2021-07-18T17:53:57.751Z] >>> [apiv2][body] POST https://upload-firebasehosting.googleapis.com/upload/sites/animeshower/versions/9893dafc69039852/files/1b11705361f0b543a8e9752ac85a5d443a19a0700cf4d509922c9777f165689a [stream]
[debug] [2021-07-18T17:53:57.753Z] >>> [apiv2][query] POST https://upload-firebasehosting.googleapis.com/upload/sites/animeshower/versions/9893dafc69039852/files/cfc4cb07bd8acdba45d44606bda33878f9ed4cb2e1e102271cdc035bf59f5763 [none]
[debug] [2021-07-18T17:53:57.753Z] >>> [apiv2][body] POST https://upload-firebasehosting.googleapis.com/upload/sites/animeshower/versions/9893dafc69039852/files/cfc4cb07bd8acdba45d44606bda33878f9ed4cb2e1e102271cdc035bf59f5763 [stream]
[debug] [2021-07-18T17:53:57.755Z] >>> [apiv2][query] POST https://upload-firebasehosting.googleapis.com/upload/sites/animeshower/versions/9893dafc69039852/files/9a8ec1e31c18d8ff825305ee6ccc87b1610086f6a29ff7e7a56ef7d1e218437d [none]
[debug] [2021-07-18T17:53:57.755Z] >>> [apiv2][body] POST https://upload-firebasehosting.googleapis.com/upload/sites/animeshower/versions/9893dafc69039852/files/9a8ec1e31c18d8ff825305ee6ccc87b1610086f6a29ff7e7a56ef7d1e218437d [stream]
[debug] [2021-07-18T17:53:57.756Z] >>> [apiv2][query] POST https://upload-firebasehosting.googleapis.com/upload/sites/animeshower/versions/9893dafc69039852/files/5c1022b38968f0bd01f8268daeced520055cc9334b46c932b540d03099efa1e7 [none]
[debug] [2021-07-18T17:53:57.757Z] >>> [apiv2][body] POST https://upload-firebasehosting.googleapis.com/upload/sites/animeshower/versions/9893dafc69039852/files/5c1022b38968f0bd01f8268daeced520055cc9334b46c932b540d03099efa1e7 [stream]
[debug] [2021-07-18T17:53:57.759Z] [hosting][populate queue][FINAL] {"max":2411,"min":2411,"avg":2411,"active":0,"complete":1,"success":1,"errored":0,"retried":0,"total":1,"elapsed":2429}
[debug] [2021-07-18T17:53:57.760Z] [hosting] uploads queued: 8
[debug] [2021-07-18T17:54:19.370Z] [uploadQueue] Retrying task 1b11705361f0b543a8e9752ac85a5d443a19a0700cf4d509922c9777f165689a
[debug] [2021-07-18T17:54:19.371Z] >>> [apiv2][query] POST https://upload-firebasehosting.googleapis.com/upload/sites/animeshower/versions/9893dafc69039852/files/1b11705361f0b543a8e9752ac85a5d443a19a0700cf4d509922c9777f165689a [none]
[debug] [2021-07-18T17:54:19.372Z] >>> [apiv2][body] POST https://upload-firebasehosting.googleapis.com/upload/sites/animeshower/versions/9893dafc69039852/files/1b11705361f0b543a8e9752ac85a5d443a19a0700cf4d509922c9777f165689a [stream]
[debug] [2021-07-18T17:54:19.385Z] [uploadQueue] Retrying task 511dcdcf1914c88d30a3696e4be68e60235774e258067ba3a0e758b910ffd1bc
[debug] [2021-07-18T17:54:19.392Z] >>> [apiv2][query] POST https://upload-firebasehosting.googleapis.com/upload/sites/animeshower/versions/9893dafc69039852/files/511dcdcf1914c88d30a3696e4be68e60235774e258067ba3a0e758b910ffd1bc [none]
[debug] [2021-07-18T17:54:19.393Z] >>> [apiv2][body] POST https://upload-firebasehosting.googleapis.com/upload/sites/animeshower/versions/9893dafc69039852/files/511dcdcf1914c88d30a3696e4be68e60235774e258067ba3a0e758b910ffd1bc [stream]
[debug] [2021-07-18T17:54:19.395Z] [uploadQueue] Retrying task 4a6d408ed7736d5e652ba6d8b919d0c559c2792c88b372024d957375216b2be0
[debug] [2021-07-18T17:54:19.396Z] >>> [apiv2][query] POST https://upload-firebasehosting.googleapis.com/upload/sites/animeshower/versions/9893dafc69039852/files/4a6d408ed7736d5e652ba6d8b919d0c559c2792c88b372024d957375216b2be0 [none]
[debug] [2021-07-18T17:54:19.396Z] >>> [apiv2][body] POST https://upload-firebasehosting.googleapis.com/upload/sites/animeshower/versions/9893dafc69039852/files/4a6d408ed7736d5e652ba6d8b919d0c559c2792c88b372024d957375216b2be0 [stream]
[debug] [2021-07-18T17:54:19.398Z] [uploadQueue] Retrying task 1d85e60f4d9be96a87492dedf98a14f0ff8d007f1cd7d3bae0311b7cda743385
[debug] [2021-07-18T17:54:19.399Z] >>> [apiv2][query] POST https://upload-firebasehosting.googleapis.com/upload/sites/animeshower/versions/9893dafc69039852/files/1d85e60f4d9be96a87492dedf98a14f0ff8d007f1cd7d3bae0311b7cda743385 [none]
[debug] [2021-07-18T17:54:19.399Z] >>> [apiv2][body] POST https://upload-firebasehosting.googleapis.com/upload/sites/animeshower/versions/9893dafc69039852/files/1d85e60f4d9be96a87492dedf98a14f0ff8d007f1cd7d3bae0311b7cda743385 [stream]
[debug] [2021-07-18T17:54:19.401Z] [uploadQueue] Retrying task 7e89de331a174f673640a41a4807357cac8b79fca9757857ddcd2ea6aad5118e
[debug] [2021-07-18T17:54:19.402Z] >>> [apiv2][query] POST https://upload-firebasehosting.googleapis.com/upload/sites/animeshower/versions/9893dafc69039852/files/7e89de331a174f673640a41a4807357cac8b79fca9757857ddcd2ea6aad5118e [none]
[debug] [2021-07-18T17:54:19.402Z] >>> [apiv2][body] POST https://upload-firebasehosting.googleapis.com/upload/sites/animeshower/versions/9893dafc69039852/files/7e89de331a174f673640a41a4807357cac8b79fca9757857ddcd2ea6aad5118e [stream]
[debug] [2021-07-18T17:54:19.405Z] [uploadQueue] Retrying task cfc4cb07bd8acdba45d44606bda33878f9ed4cb2e1e102271cdc035bf59f5763
[debug] [2021-07-18T17:54:19.407Z] >>> [apiv2][query] POST https://upload-firebasehosting.googleapis.com/upload/sites/animeshower/versions/9893dafc69039852/files/cfc4cb07bd8acdba45d44606bda33878f9ed4cb2e1e102271cdc035bf59f5763 [none]
[debug] [2021-07-18T17:54:19.407Z] >>> [apiv2][body] POST https://upload-firebasehosting.googleapis.com/upload/sites/animeshower/versions/9893dafc69039852/files/cfc4cb07bd8acdba45d44606bda33878f9ed4cb2e1e102271cdc035bf59f5763 [stream]
[debug] [2021-07-18T17:54:19.409Z] [uploadQueue] Retrying task 9a8ec1e31c18d8ff825305ee6ccc87b1610086f6a29ff7e7a56ef7d1e218437d
[debug] [2021-07-18T17:54:19.410Z] >>> [apiv2][query] POST https://upload-firebasehosting.googleapis.com/upload/sites/animeshower/versions/9893dafc69039852/files/9a8ec1e31c18d8ff825305ee6ccc87b1610086f6a29ff7e7a56ef7d1e218437d [none]
[debug] [2021-07-18T17:54:19.410Z] >>> [apiv2][body] POST https://upload-firebasehosting.googleapis.com/upload/sites/animeshower/versions/9893dafc69039852/files/9a8ec1e31c18d8ff825305ee6ccc87b1610086f6a29ff7e7a56ef7d1e218437d [stream]
[debug] [2021-07-18T17:54:19.415Z] [uploadQueue] Retrying task 5c1022b38968f0bd01f8268daeced520055cc9334b46c932b540d03099efa1e7
[debug] [2021-07-18T17:54:19.417Z] >>> [apiv2][query] POST https://upload-firebasehosting.googleapis.com/upload/sites/animeshower/versions/9893dafc69039852/files/5c1022b38968f0bd01f8268daeced520055cc9334b46c932b540d03099efa1e7 [none]
[debug] [2021-07-18T17:54:19.417Z] >>> [apiv2][body] POST https://upload-firebasehosting.googleapis.com/upload/sites/animeshower/versions/9893dafc69039852/files/5c1022b38968f0bd01f8268daeced520055cc9334b46c932b540d03099efa1e7 [stream]
[debug] [2021-07-18T17:54:41.228Z] [uploadQueue] Retrying task 1b11705361f0b543a8e9752ac85a5d443a19a0700cf4d509922c9777f165689a
[debug] [2021-07-18T17:54:41.230Z] >>> [apiv2][query] POST https://upload-firebasehosting.googleapis.com/upload/sites/animeshower/versions/9893dafc69039852/files/1b11705361f0b543a8e9752ac85a5d443a19a0700cf4d509922c9777f165689a [none]
[debug] [2021-07-18T17:54:41.230Z] >>> [apiv2][body] POST https://upload-firebasehosting.googleapis.com/upload/sites/animeshower/versions/9893dafc69039852/files/1b11705361f0b543a8e9752ac85a5d443a19a0700cf4d509922c9777f165689a [stream]
[debug] [2021-07-18T17:54:41.274Z] [uploadQueue] Retrying task 511dcdcf1914c88d30a3696e4be68e60235774e258067ba3a0e758b910ffd1bc
[debug] [2021-07-18T17:54:41.275Z] >>> [apiv2][query] POST https://upload-firebasehosting.googleapis.com/upload/sites/animeshower/versions/9893dafc69039852/files/511dcdcf1914c88d30a3696e4be68e60235774e258067ba3a0e758b910ffd1bc [none]
[debug] [2021-07-18T17:54:41.276Z] >>> [apiv2][body] POST https://upload-firebasehosting.googleapis.com/upload/sites/animeshower/versions/9893dafc69039852/files/511dcdcf1914c88d30a3696e4be68e60235774e258067ba3a0e758b910ffd1bc [stream]
[debug] [2021-07-18T17:54:41.278Z] [uploadQueue] Retrying task 9a8ec1e31c18d8ff825305ee6ccc87b1610086f6a29ff7e7a56ef7d1e218437d
[debug] [2021-07-18T17:54:41.278Z] >>> [apiv2][query] POST https://upload-firebasehosting.googleapis.com/upload/sites/animeshower/versions/9893dafc69039852/files/9a8ec1e31c18d8ff825305ee6ccc87b1610086f6a29ff7e7a56ef7d1e218437d [none]
[debug] [2021-07-18T17:54:41.279Z] >>> [apiv2][body] POST https://upload-firebasehosting.googleapis.com/upload/sites/animeshower/versions/9893dafc69039852/files/9a8ec1e31c18d8ff825305ee6ccc87b1610086f6a29ff7e7a56ef7d1e218437d [stream]
[debug] [2021-07-18T17:54:41.281Z] [uploadQueue] Retrying task 4a6d408ed7736d5e652ba6d8b919d0c559c2792c88b372024d957375216b2be0
[debug] [2021-07-18T17:54:41.281Z] >>> [apiv2][query] POST https://upload-firebasehosting.googleapis.com/upload/sites/animeshower/versions/9893dafc69039852/files/4a6d408ed7736d5e652ba6d8b919d0c559c2792c88b372024d957375216b2be0 [none]
[debug] [2021-07-18T17:54:41.282Z] >>> [apiv2][body] POST https://upload-firebasehosting.googleapis.com/upload/sites/animeshower/versions/9893dafc69039852/files/4a6d408ed7736d5e652ba6d8b919d0c559c2792c88b372024d957375216b2be0 [stream]
[debug] [2021-07-18T17:54:41.283Z] [uploadQueue] Retrying task 5c1022b38968f0bd01f8268daeced520055cc9334b46c932b540d03099efa1e7
[debug] [2021-07-18T17:54:41.284Z] >>> [apiv2][query] POST https://upload-firebasehosting.googleapis.com/upload/sites/animeshower/versions/9893dafc69039852/files/5c1022b38968f0bd01f8268daeced520055cc9334b46c932b540d03099efa1e7 [none]
[debug] [2021-07-18T17:54:41.284Z] >>> [apiv2][body] POST https://upload-firebasehosting.googleapis.com/upload/sites/animeshower/versions/9893dafc69039852/files/5c1022b38968f0bd01f8268daeced520055cc9334b46c932b540d03099efa1e7 [stream]
[debug] [2021-07-18T17:54:41.287Z] [uploadQueue] Retrying task 1d85e60f4d9be96a87492dedf98a14f0ff8d007f1cd7d3bae0311b7cda743385
[debug] [2021-07-18T17:54:41.288Z] >>> [apiv2][query] POST https://upload-firebasehosting.googleapis.com/upload/sites/animeshower/versions/9893dafc69039852/files/1d85e60f4d9be96a87492dedf98a14f0ff8d007f1cd7d3bae0311b7cda743385 [none]
[debug] [2021-07-18T17:54:41.288Z] >>> [apiv2][body] POST https://upload-firebasehosting.googleapis.com/upload/sites/animeshower/versions/9893dafc69039852/files/1d85e60f4d9be96a87492dedf98a14f0ff8d007f1cd7d3bae0311b7cda743385 [stream]
[debug] [2021-07-18T17:54:41.291Z] [uploadQueue] Retrying task 7e89de331a174f673640a41a4807357cac8b79fca9757857ddcd2ea6aad5118e
[debug] [2021-07-18T17:54:41.292Z] >>> [apiv2][query] POST https://upload-firebasehosting.googleapis.com/upload/sites/animeshower/versions/9893dafc69039852/files/7e89de331a174f673640a41a4807357cac8b79fca9757857ddcd2ea6aad5118e [none]
[debug] [2021-07-18T17:54:41.292Z] >>> [apiv2][body] POST https://upload-firebasehosting.googleapis.com/upload/sites/animeshower/versions/9893dafc69039852/files/7e89de331a174f673640a41a4807357cac8b79fca9757857ddcd2ea6aad5118e [stream]
[debug] [2021-07-18T17:54:41.294Z] [uploadQueue] Retrying task cfc4cb07bd8acdba45d44606bda33878f9ed4cb2e1e102271cdc035bf59f5763
[debug] [2021-07-18T17:54:41.295Z] >>> [apiv2][query] POST https://upload-firebasehosting.googleapis.com/upload/sites/animeshower/versions/9893dafc69039852/files/cfc4cb07bd8acdba45d44606bda33878f9ed4cb2e1e102271cdc035bf59f5763 [none]
[debug] [2021-07-18T17:54:41.295Z] >>> [apiv2][body] POST https://upload-firebasehosting.googleapis.com/upload/sites/animeshower/versions/9893dafc69039852/files/cfc4cb07bd8acdba45d44606bda33878f9ed4cb2e1e102271cdc035bf59f5763 [stream]
[debug] [2021-07-18T17:54:55.091Z] ----------------------------------------------------------------------
[debug] [2021-07-18T17:54:55.098Z] Command:       C:\Program Files\nodejs\node.exe C:\Users\krish\AppData\Roaming\npm\node_modules\firebase-tools\lib\bin\firebase.js deploy
[debug] [2021-07-18T17:54:55.099Z] CLI Version:   9.14.0
[debug] [2021-07-18T17:54:55.100Z] Platform:      win32
[debug] [2021-07-18T17:54:55.100Z] Node Version:  v14.15.0
[debug] [2021-07-18T17:54:55.103Z] Time:          Sun Jul 18 2021 23:24:55 GMT+0530 (India Standard Time)
[debug] [2021-07-18T17:54:55.104Z] ----------------------------------------------------------------------
[debug] 
[debug] [2021-07-18T17:54:55.140Z] > command requires scopes: ["email","openid","https://www.googleapis.com/auth/cloudplatformprojects.readonly","https://www.googleapis.com/auth/firebase","https://www.googleapis.com/auth/cloud-platform"]
[debug] [2021-07-18T17:54:55.141Z] > authorizing via signed-in user (kaykrishna555@gmail.com)
[debug] [2021-07-18T17:54:55.141Z] [iam] checking project animeshower for permissions ["firebase.projects.get","firebasehosting.sites.update"]
[debug] [2021-07-18T17:54:55.147Z] > refreshing access token with scopes: ["email","https://www.googleapis.com/auth/cloud-platform","https://www.googleapis.com/auth/cloudplatformprojects.readonly","https://www.googleapis.com/auth/firebase","openid"]
[debug] [2021-07-18T17:54:55.148Z] >>> HTTP REQUEST POST https://www.googleapis.com/oauth2/v3/token  
 <request body omitted>
[debug] [2021-07-18T17:54:55.576Z] <<< HTTP RESPONSE 200 {"cache-control":"no-cache, no-store, max-age=0, must-revalidate","expires":"Mon, 01 Jan 1990 00:00:00 GMT","pragma":"no-cache","date":"Sun, 18 Jul 2021 17:54:55 GMT","content-type":"application/json; charset=utf-8","vary":"X-Origin, Referer, Origin,Accept-Encoding","server":"scaffolding on HTTPServer2","x-xss-protection":"0","x-frame-options":"SAMEORIGIN","x-content-type-options":"nosniff","alt-svc":"h3=\":443\"; ma=2592000,h3-29=\":443\"; ma=2592000,h3-T051=\":443\"; ma=2592000,h3-Q050=\":443\"; ma=2592000,h3-Q046=\":443\"; ma=2592000,h3-Q043=\":443\"; ma=2592000,quic=\":443\"; ma=2592000; v=\"46,43\"","accept-ranges":"none","transfer-encoding":"chunked"}
[debug] [2021-07-18T17:54:55.637Z] >>> HTTP REQUEST POST https://cloudresourcemanager.googleapis.com/v1/projects/animeshower:testIamPermissions  
 {"permissions":["firebase.projects.get","firebasehosting.sites.update"]}
[debug] [2021-07-18T17:54:57.740Z] <<< HTTP RESPONSE 200 {"content-type":"application/json; charset=UTF-8","vary":"X-Origin, Referer, Origin,Accept-Encoding","date":"Sun, 18 Jul 2021 17:54:57 GMT","server":"ESF","cache-control":"private","x-xss-protection":"0","x-frame-options":"SAMEORIGIN","x-content-type-options":"nosniff","server-timing":"gfet4t7; dur=1170","alt-svc":"h3=\":443\"; ma=2592000,h3-29=\":443\"; ma=2592000,h3-T051=\":443\"; ma=2592000,h3-Q050=\":443\"; ma=2592000,h3-Q046=\":443\"; ma=2592000,h3-Q043=\":443\"; ma=2592000,quic=\":443\"; ma=2592000; v=\"46,43\"","accept-ranges":"none","transfer-encoding":"chunked"}
[debug] [2021-07-18T17:54:57.744Z] > refreshing access token with scopes: []
[debug] [2021-07-18T17:54:57.744Z] >>> HTTP REQUEST POST https://www.googleapis.com/oauth2/v3/token  
 <request body omitted>
[debug] [2021-07-18T17:54:58.030Z] <<< HTTP RESPONSE 200 {"cache-control":"no-cache, no-store, max-age=0, must-revalidate","date":"Sun, 18 Jul 2021 17:54:58 GMT","pragma":"no-cache","expires":"Mon, 01 Jan 1990 00:00:00 GMT","content-type":"application/json; charset=utf-8","vary":"X-Origin, Referer, Origin,Accept-Encoding","server":"scaffolding on HTTPServer2","x-xss-protection":"0","x-frame-options":"SAMEORIGIN","x-content-type-options":"nosniff","alt-svc":"h3=\":443\"; ma=2592000,h3-29=\":443\"; ma=2592000,h3-T051=\":443\"; ma=2592000,h3-Q050=\":443\"; ma=2592000,h3-Q046=\":443\"; ma=2592000,h3-Q043=\":443\"; ma=2592000,quic=\":443\"; ma=2592000; v=\"46,43\"","accept-ranges":"none","transfer-encoding":"chunked"}
[debug] [2021-07-18T17:54:58.091Z] >>> [apiv2][query] GET https://firebase.googleapis.com/v1beta1/projects/animeshower [none]
[debug] [2021-07-18T17:54:59.390Z] <<< [apiv2][status] GET https://firebase.googleapis.com/v1beta1/projects/animeshower 200
[debug] [2021-07-18T17:54:59.391Z] <<< [apiv2][body] GET https://firebase.googleapis.com/v1beta1/projects/animeshower {"projectId":"animeshower","projectNumber":"141223333420","displayName":"animeshower","name":"projects/animeshower","resources":{"hostingSite":"animeshower"},"state":"ACTIVE"}
[info] 
[info] === Deploying to 'animeshower'...
[info] 
[info] i  deploying hosting 
[debug] [2021-07-18T17:54:59.402Z] > refreshing access token with scopes: ["email","https://www.googleapis.com/auth/cloud-platform","https://www.googleapis.com/auth/cloudplatformprojects.readonly","https://www.googleapis.com/auth/firebase","openid"]
[debug] [2021-07-18T17:54:59.402Z] >>> HTTP REQUEST POST https://www.googleapis.com/oauth2/v3/token  
 <request body omitted>
[debug] [2021-07-18T17:54:59.685Z] <<< HTTP RESPONSE 200 {"date":"Sun, 18 Jul 2021 17:55:00 GMT","cache-control":"no-cache, no-store, max-age=0, must-revalidate","pragma":"no-cache","expires":"Mon, 01 Jan 1990 00:00:00 GMT","content-type":"application/json; charset=utf-8","vary":"X-Origin, Referer, Origin,Accept-Encoding","server":"scaffolding on HTTPServer2","x-xss-protection":"0","x-frame-options":"SAMEORIGIN","x-content-type-options":"nosniff","alt-svc":"h3=\":443\"; ma=2592000,h3-29=\":443\"; ma=2592000,h3-T051=\":443\"; ma=2592000,h3-Q050=\":443\"; ma=2592000,h3-Q046=\":443\"; ma=2592000,h3-Q043=\":443\"; ma=2592000,quic=\":443\"; ma=2592000; v=\"46,43\"","accept-ranges":"none","transfer-encoding":"chunked"}
[debug] [2021-07-18T17:54:59.746Z] >>> HTTP REQUEST POST https://firebasehosting.googleapis.com/v1beta1/sites/animeshower/versions  
 {"config":{"rewrites":[{"glob":"**","path":"/index.html"}]},"labels":{"deployment-tool":"cli-firebase"}}
[debug] [2021-07-18T17:55:01.836Z] <<< HTTP RESPONSE 200 {"content-type":"application/json; charset=UTF-8","vary":"X-Origin, Referer, Origin,Accept-Encoding","date":"Sun, 18 Jul 2021 17:55:01 GMT","server":"ESF","cache-control":"private","x-xss-protection":"0","x-frame-options":"SAMEORIGIN","x-content-type-options":"nosniff","alt-svc":"h3=\":443\"; ma=2592000,h3-29=\":443\"; ma=2592000,h3-T051=\":443\"; ma=2592000,h3-Q050=\":443\"; ma=2592000,h3-Q046=\":443\"; ma=2592000,h3-Q043=\":443\"; ma=2592000,quic=\":443\"; ma=2592000; v=\"46,43\"","accept-ranges":"none","transfer-encoding":"chunked"}
[info] i  hosting[animeshower]: beginning deploy... 
[info] i  hosting[animeshower]: found 15 files in build 
[debug] [2021-07-18T17:55:01.880Z] > refreshing access token with scopes: []
[debug] [2021-07-18T17:55:01.880Z] >>> HTTP REQUEST POST https://www.googleapis.com/oauth2/v3/token  
 <request body omitted>
[debug] [2021-07-18T17:55:01.885Z] [hosting] hash cache [YnVpbGQ] stored for 15 files
[debug] [2021-07-18T17:55:01.885Z] [hosting][hash queue][FINAL] {"max":5,"min":1,"avg":1,"active":0,"complete":15,"success":15,"errored":0,"retried":0,"total":15,"elapsed":12}
[debug] [2021-07-18T17:55:02.167Z] <<< HTTP RESPONSE 200 {"pragma":"no-cache","date":"Sun, 18 Jul 2021 17:55:02 GMT","expires":"Mon, 01 Jan 1990 00:00:00 GMT","cache-control":"no-cache, no-store, max-age=0, must-revalidate","content-type":"application/json; charset=utf-8","vary":"X-Origin, Referer, Origin,Accept-Encoding","server":"scaffolding on HTTPServer2","x-xss-protection":"0","x-frame-options":"SAMEORIGIN","x-content-type-options":"nosniff","alt-svc":"h3=\":443\"; ma=2592000,h3-29=\":443\"; ma=2592000,h3-T051=\":443\"; ma=2592000,h3-Q050=\":443\"; ma=2592000,h3-Q046=\":443\"; ma=2592000,h3-Q043=\":443\"; ma=2592000,quic=\":443\"; ma=2592000; v=\"46,43\"","accept-ranges":"none","transfer-encoding":"chunked"}
[debug] [2021-07-18T17:55:02.240Z] >>> [apiv2][query] POST https://firebasehosting.googleapis.com/v1beta1/sites/animeshower/versions/096917053a385906:populateFiles [none]
[debug] [2021-07-18T17:55:02.241Z] >>> [apiv2][body] POST https://firebasehosting.googleapis.com/v1beta1/sites/animeshower/versions/096917053a385906:populateFiles {"files":{"/asset-manifest.json":"cfc4cb07bd8acdba45d44606bda33878f9ed4cb2e1e102271cdc035bf59f5763","/index.html":"9a8ec1e31c18d8ff825305ee6ccc87b1610086f6a29ff7e7a56ef7d1e218437d","/manifest.json":"aff3449bdc238776f5d6d967f19ec491b36aed5fb7f23ccff6500736fd58494a","/robots.txt":"bfe106a3fb878dc83461c86818bf74fc1bdc7f28538ba613cd3e775516ce8b49","/static/css/main.419f9187.chunk.css":"511dcdcf1914c88d30a3696e4be68e60235774e258067ba3a0e758b910ffd1bc","/static/css/main.419f9187.chunk.css.map":"1b11705361f0b543a8e9752ac85a5d443a19a0700cf4d509922c9777f165689a","/static/js/2.4ecff1cd.chunk.js":"5c1022b38968f0bd01f8268daeced520055cc9334b46c932b540d03099efa1e7","/static/js/2.4ecff1cd.chunk.js.LICENSE.txt":"ff6e1e979db9369a9f7416a242049ffecf6a913bd1a6c3b5da956e28224606d9","/static/js/2.4ecff1cd.chunk.js.map":"7e89de331a174f673640a41a4807357cac8b79fca9757857ddcd2ea6aad5118e","/static/js/3.7ac999bb.chunk.js":"ff1016bcaed684016a75c61426097d857b34668c8688e9892d13f315b5e566b1","/static/js/3.7ac999bb.chunk.js.map":"4bab1f7f2fe2cd1760e38ece394b0fdc7afdd69538a9f26bceb3b1995f60f96c","/static/js/main.63fe21f1.chunk.js":"1d85e60f4d9be96a87492dedf98a14f0ff8d007f1cd7d3bae0311b7cda743385","/static/js/main.63fe21f1.chunk.js.map":"4a6d408ed7736d5e652ba6d8b919d0c559c2792c88b372024d957375216b2be0","/static/js/runtime-main.a13ca960.js":"fd38944eda9b70b6cfa56ab872deea971b36f59e7ac50cdc6f0e08dba7e8f600","/static/js/runtime-main.a13ca960.js.map":"512a67afb1355fa94a584ad1f4c230e3d8f61d1c6dde79b29b335190fc669f00"}}
[debug] [2021-07-18T17:55:04.298Z] <<< [apiv2][status] POST https://firebasehosting.googleapis.com/v1beta1/sites/animeshower/versions/096917053a385906:populateFiles 200
[debug] [2021-07-18T17:55:04.298Z] <<< [apiv2][body] POST https://firebasehosting.googleapis.com/v1beta1/sites/animeshower/versions/096917053a385906:populateFiles {"uploadRequiredHashes":["cfc4cb07bd8acdba45d44606bda33878f9ed4cb2e1e102271cdc035bf59f5763","9a8ec1e31c18d8ff825305ee6ccc87b1610086f6a29ff7e7a56ef7d1e218437d","5c1022b38968f0bd01f8268daeced520055cc9334b46c932b540d03099efa1e7","1b11705361f0b543a8e9752ac85a5d443a19a0700cf4d509922c9777f165689a","1d85e60f4d9be96a87492dedf98a14f0ff8d007f1cd7d3bae0311b7cda743385","4a6d408ed7736d5e652ba6d8b919d0c559c2792c88b372024d957375216b2be0","511dcdcf1914c88d30a3696e4be68e60235774e258067ba3a0e758b910ffd1bc","7e89de331a174f673640a41a4807357cac8b79fca9757857ddcd2ea6aad5118e"],"uploadUrl":"https://upload-firebasehosting.googleapis.com/upload/sites/animeshower/versions/096917053a385906/files"}
[debug] [2021-07-18T17:55:04.306Z] >>> [apiv2][query] POST https://upload-firebasehosting.googleapis.com/upload/sites/animeshower/versions/096917053a385906/files/cfc4cb07bd8acdba45d44606bda33878f9ed4cb2e1e102271cdc035bf59f5763 [none]
[debug] [2021-07-18T17:55:04.306Z] >>> [apiv2][body] POST https://upload-firebasehosting.googleapis.com/upload/sites/animeshower/versions/096917053a385906/files/cfc4cb07bd8acdba45d44606bda33878f9ed4cb2e1e102271cdc035bf59f5763 [stream]
[debug] [2021-07-18T17:55:04.308Z] >>> [apiv2][query] POST https://upload-firebasehosting.googleapis.com/upload/sites/animeshower/versions/096917053a385906/files/9a8ec1e31c18d8ff825305ee6ccc87b1610086f6a29ff7e7a56ef7d1e218437d [none]
[debug] [2021-07-18T17:55:04.308Z] >>> [apiv2][body] POST https://upload-firebasehosting.googleapis.com/upload/sites/animeshower/versions/096917053a385906/files/9a8ec1e31c18d8ff825305ee6ccc87b1610086f6a29ff7e7a56ef7d1e218437d [stream]
[debug] [2021-07-18T17:55:04.310Z] >>> [apiv2][query] POST https://upload-firebasehosting.googleapis.com/upload/sites/animeshower/versions/096917053a385906/files/5c1022b38968f0bd01f8268daeced520055cc9334b46c932b540d03099efa1e7 [none]
[debug] [2021-07-18T17:55:04.311Z] >>> [apiv2][body] POST https://upload-firebasehosting.googleapis.com/upload/sites/animeshower/versions/096917053a385906/files/5c1022b38968f0bd01f8268daeced520055cc9334b46c932b540d03099efa1e7 [stream]
[debug] [2021-07-18T17:55:04.313Z] >>> [apiv2][query] POST https://upload-firebasehosting.googleapis.com/upload/sites/animeshower/versions/096917053a385906/files/1b11705361f0b543a8e9752ac85a5d443a19a0700cf4d509922c9777f165689a [none]
[debug] [2021-07-18T17:55:04.313Z] >>> [apiv2][body] POST https://upload-firebasehosting.googleapis.com/upload/sites/animeshower/versions/096917053a385906/files/1b11705361f0b543a8e9752ac85a5d443a19a0700cf4d509922c9777f165689a [stream]
[debug] [2021-07-18T17:55:04.315Z] >>> [apiv2][query] POST https://upload-firebasehosting.googleapis.com/upload/sites/animeshower/versions/096917053a385906/files/1d85e60f4d9be96a87492dedf98a14f0ff8d007f1cd7d3bae0311b7cda743385 [none]
[debug] [2021-07-18T17:55:04.315Z] >>> [apiv2][body] POST https://upload-firebasehosting.googleapis.com/upload/sites/animeshower/versions/096917053a385906/files/1d85e60f4d9be96a87492dedf98a14f0ff8d007f1cd7d3bae0311b7cda743385 [stream]
[debug] [2021-07-18T17:55:04.317Z] >>> [apiv2][query] POST https://upload-firebasehosting.googleapis.com/upload/sites/animeshower/versions/096917053a385906/files/4a6d408ed7736d5e652ba6d8b919d0c559c2792c88b372024d957375216b2be0 [none]
[debug] [2021-07-18T17:55:04.317Z] >>> [apiv2][body] POST https://upload-firebasehosting.googleapis.com/upload/sites/animeshower/versions/096917053a385906/files/4a6d408ed7736d5e652ba6d8b919d0c559c2792c88b372024d957375216b2be0 [stream]
[debug] [2021-07-18T17:55:04.319Z] >>> [apiv2][query] POST https://upload-firebasehosting.googleapis.com/upload/sites/animeshower/versions/096917053a385906/files/511dcdcf1914c88d30a3696e4be68e60235774e258067ba3a0e758b910ffd1bc [none]
[debug] [2021-07-18T17:55:04.319Z] >>> [apiv2][body] POST https://upload-firebasehosting.googleapis.com/upload/sites/animeshower/versions/096917053a385906/files/511dcdcf1914c88d30a3696e4be68e60235774e258067ba3a0e758b910ffd1bc [stream]
[debug] [2021-07-18T17:55:04.320Z] >>> [apiv2][query] POST https://upload-firebasehosting.googleapis.com/upload/sites/animeshower/versions/096917053a385906/files/7e89de331a174f673640a41a4807357cac8b79fca9757857ddcd2ea6aad5118e [none]
[debug] [2021-07-18T17:55:04.321Z] >>> [apiv2][body] POST https://upload-firebasehosting.googleapis.com/upload/sites/animeshower/versions/096917053a385906/files/7e89de331a174f673640a41a4807357cac8b79fca9757857ddcd2ea6aad5118e [stream]
[debug] [2021-07-18T17:55:04.322Z] [hosting][populate queue][FINAL] {"max":2426,"min":2426,"avg":2426,"active":0,"complete":1,"success":1,"errored":0,"retried":0,"total":1,"elapsed":2443}
[debug] [2021-07-18T17:55:04.323Z] [hosting] uploads queued: 8
[debug] [2021-07-18T17:55:25.777Z] [uploadQueue] Retrying task cfc4cb07bd8acdba45d44606bda33878f9ed4cb2e1e102271cdc035bf59f5763
[debug] [2021-07-18T17:55:25.778Z] >>> [apiv2][query] POST https://upload-firebasehosting.googleapis.com/upload/sites/animeshower/versions/096917053a385906/files/cfc4cb07bd8acdba45d44606bda33878f9ed4cb2e1e102271cdc035bf59f5763 [none]
[debug] [2021-07-18T17:55:25.779Z] >>> [apiv2][body] POST https://upload-firebasehosting.googleapis.com/upload/sites/animeshower/versions/096917053a385906/files/cfc4cb07bd8acdba45d44606bda33878f9ed4cb2e1e102271cdc035bf59f5763 [stream]
[debug] [2021-07-18T17:55:25.788Z] [uploadQueue] Retrying task 1b11705361f0b543a8e9752ac85a5d443a19a0700cf4d509922c9777f165689a
[debug] [2021-07-18T17:55:25.789Z] >>> [apiv2][query] POST https://upload-firebasehosting.googleapis.com/upload/sites/animeshower/versions/096917053a385906/files/1b11705361f0b543a8e9752ac85a5d443a19a0700cf4d509922c9777f165689a [none]
[debug] [2021-07-18T17:55:25.789Z] >>> [apiv2][body] POST https://upload-firebasehosting.googleapis.com/upload/sites/animeshower/versions/096917053a385906/files/1b11705361f0b543a8e9752ac85a5d443a19a0700cf4d509922c9777f165689a [stream]
[debug] [2021-07-18T17:55:25.791Z] [uploadQueue] Retrying task 1d85e60f4d9be96a87492dedf98a14f0ff8d007f1cd7d3bae0311b7cda743385
[debug] [2021-07-18T17:55:25.792Z] >>> [apiv2][query] POST https://upload-firebasehosting.googleapis.com/upload/sites/animeshower/versions/096917053a385906/files/1d85e60f4d9be96a87492dedf98a14f0ff8d007f1cd7d3bae0311b7cda743385 [none]
[debug] [2021-07-18T17:55:25.792Z] >>> [apiv2][body] POST https://upload-firebasehosting.googleapis.com/upload/sites/animeshower/versions/096917053a385906/files/1d85e60f4d9be96a87492dedf98a14f0ff8d007f1cd7d3bae0311b7cda743385 [stream]
[debug] [2021-07-18T17:55:25.794Z] [uploadQueue] Retrying task 9a8ec1e31c18d8ff825305ee6ccc87b1610086f6a29ff7e7a56ef7d1e218437d
[debug] [2021-07-18T17:55:25.795Z] >>> [apiv2][query] POST https://upload-firebasehosting.googleapis.com/upload/sites/animeshower/versions/096917053a385906/files/9a8ec1e31c18d8ff825305ee6ccc87b1610086f6a29ff7e7a56ef7d1e218437d [none]
[debug] [2021-07-18T17:55:25.795Z] >>> [apiv2][body] POST https://upload-firebasehosting.googleapis.com/upload/sites/animeshower/versions/096917053a385906/files/9a8ec1e31c18d8ff825305ee6ccc87b1610086f6a29ff7e7a56ef7d1e218437d [stream]
[debug] [2021-07-18T17:55:25.797Z] [uploadQueue] Retrying task 4a6d408ed7736d5e652ba6d8b919d0c559c2792c88b372024d957375216b2be0
[debug] [2021-07-18T17:55:25.798Z] >>> [apiv2][query] POST https://upload-firebasehosting.googleapis.com/upload/sites/animeshower/versions/096917053a385906/files/4a6d408ed7736d5e652ba6d8b919d0c559c2792c88b372024d957375216b2be0 [none]
[debug] [2021-07-18T17:55:25.799Z] >>> [apiv2][body] POST https://upload-firebasehosting.googleapis.com/upload/sites/animeshower/versions/096917053a385906/files/4a6d408ed7736d5e652ba6d8b919d0c559c2792c88b372024d957375216b2be0 [stream]
[debug] [2021-07-18T17:55:25.801Z] [uploadQueue] Retrying task 5c1022b38968f0bd01f8268daeced520055cc9334b46c932b540d03099efa1e7
[debug] [2021-07-18T17:55:25.802Z] >>> [apiv2][query] POST https://upload-firebasehosting.googleapis.com/upload/sites/animeshower/versions/096917053a385906/files/5c1022b38968f0bd01f8268daeced520055cc9334b46c932b540d03099efa1e7 [none]
[debug] [2021-07-18T17:55:25.802Z] >>> [apiv2][body] POST https://upload-firebasehosting.googleapis.com/upload/sites/animeshower/versions/096917053a385906/files/5c1022b38968f0bd01f8268daeced520055cc9334b46c932b540d03099efa1e7 [stream]
[debug] [2021-07-18T17:55:25.804Z] [uploadQueue] Retrying task 511dcdcf1914c88d30a3696e4be68e60235774e258067ba3a0e758b910ffd1bc
[debug] [2021-07-18T17:55:25.805Z] >>> [apiv2][query] POST https://upload-firebasehosting.googleapis.com/upload/sites/animeshower/versions/096917053a385906/files/511dcdcf1914c88d30a3696e4be68e60235774e258067ba3a0e758b910ffd1bc [none]
[debug] [2021-07-18T17:55:25.805Z] >>> [apiv2][body] POST https://upload-firebasehosting.googleapis.com/upload/sites/animeshower/versions/096917053a385906/files/511dcdcf1914c88d30a3696e4be68e60235774e258067ba3a0e758b910ffd1bc [stream]
[debug] [2021-07-18T17:55:25.809Z] [uploadQueue] Retrying task 7e89de331a174f673640a41a4807357cac8b79fca9757857ddcd2ea6aad5118e
[debug] [2021-07-18T17:55:25.810Z] >>> [apiv2][query] POST https://upload-firebasehosting.googleapis.com/upload/sites/animeshower/versions/096917053a385906/files/7e89de331a174f673640a41a4807357cac8b79fca9757857ddcd2ea6aad5118e [none]
[debug] [2021-07-18T17:55:25.810Z] >>> [apiv2][body] POST https://upload-firebasehosting.googleapis.com/upload/sites/animeshower/versions/096917053a385906/files/7e89de331a174f673640a41a4807357cac8b79fca9757857ddcd2ea6aad5118e [stream]
[debug] [2021-07-18T17:55:47.651Z] [uploadQueue] Retrying task 9a8ec1e31c18d8ff825305ee6ccc87b1610086f6a29ff7e7a56ef7d1e218437d
[debug] [2021-07-18T17:55:47.653Z] >>> [apiv2][query] POST https://upload-firebasehosting.googleapis.com/upload/sites/animeshower/versions/096917053a385906/files/9a8ec1e31c18d8ff825305ee6ccc87b1610086f6a29ff7e7a56ef7d1e218437d [none]
[debug] [2021-07-18T17:55:47.653Z] >>> [apiv2][body] POST https://upload-firebasehosting.googleapis.com/upload/sites/animeshower/versions/096917053a385906/files/9a8ec1e31c18d8ff825305ee6ccc87b1610086f6a29ff7e7a56ef7d1e218437d [stream]
[debug] [2021-07-18T17:55:47.655Z] [uploadQueue] Retrying task cfc4cb07bd8acdba45d44606bda33878f9ed4cb2e1e102271cdc035bf59f5763
[debug] [2021-07-18T17:55:47.656Z] >>> [apiv2][query] POST https://upload-firebasehosting.googleapis.com/upload/sites/animeshower/versions/096917053a385906/files/cfc4cb07bd8acdba45d44606bda33878f9ed4cb2e1e102271cdc035bf59f5763 [none]
[debug] [2021-07-18T17:55:47.656Z] >>> [apiv2][body] POST https://upload-firebasehosting.googleapis.com/upload/sites/animeshower/versions/096917053a385906/files/cfc4cb07bd8acdba45d44606bda33878f9ed4cb2e1e102271cdc035bf59f5763 [stream]
[debug] [2021-07-18T17:55:47.658Z] [uploadQueue] Retrying task 1b11705361f0b543a8e9752ac85a5d443a19a0700cf4d509922c9777f165689a
[debug] [2021-07-18T17:55:47.658Z] >>> [apiv2][query] POST https://upload-firebasehosting.googleapis.com/upload/sites/animeshower/versions/096917053a385906/files/1b11705361f0b543a8e9752ac85a5d443a19a0700cf4d509922c9777f165689a [none]
[debug] [2021-07-18T17:55:47.659Z] >>> [apiv2][body] POST https://upload-firebasehosting.googleapis.com/upload/sites/animeshower/versions/096917053a385906/files/1b11705361f0b543a8e9752ac85a5d443a19a0700cf4d509922c9777f165689a [stream]
[debug] [2021-07-18T17:55:47.660Z] [uploadQueue] Retrying task 1d85e60f4d9be96a87492dedf98a14f0ff8d007f1cd7d3bae0311b7cda743385
[debug] [2021-07-18T17:55:47.661Z] >>> [apiv2][query] POST https://upload-firebasehosting.googleapis.com/upload/sites/animeshower/versions/096917053a385906/files/1d85e60f4d9be96a87492dedf98a14f0ff8d007f1cd7d3bae0311b7cda743385 [none]
[debug] [2021-07-18T17:55:47.661Z] >>> [apiv2][body] POST https://upload-firebasehosting.googleapis.com/upload/sites/animeshower/versions/096917053a385906/files/1d85e60f4d9be96a87492dedf98a14f0ff8d007f1cd7d3bae0311b7cda743385 [stream]
[debug] [2021-07-18T17:55:47.663Z] [uploadQueue] Retrying task 4a6d408ed7736d5e652ba6d8b919d0c559c2792c88b372024d957375216b2be0
[debug] [2021-07-18T17:55:47.664Z] >>> [apiv2][query] POST https://upload-firebasehosting.googleapis.com/upload/sites/animeshower/versions/096917053a385906/files/4a6d408ed7736d5e652ba6d8b919d0c559c2792c88b372024d957375216b2be0 [none]
[debug] [2021-07-18T17:55:47.664Z] >>> [apiv2][body] POST https://upload-firebasehosting.googleapis.com/upload/sites/animeshower/versions/096917053a385906/files/4a6d408ed7736d5e652ba6d8b919d0c559c2792c88b372024d957375216b2be0 [stream]
[debug] [2021-07-18T17:55:47.666Z] [uploadQueue] Retrying task 7e89de331a174f673640a41a4807357cac8b79fca9757857ddcd2ea6aad5118e
[debug] [2021-07-18T17:55:47.667Z] >>> [apiv2][query] POST https://upload-firebasehosting.googleapis.com/upload/sites/animeshower/versions/096917053a385906/files/7e89de331a174f673640a41a4807357cac8b79fca9757857ddcd2ea6aad5118e [none]
[debug] [2021-07-18T17:55:47.667Z] >>> [apiv2][body] POST https://upload-firebasehosting.googleapis.com/upload/sites/animeshower/versions/096917053a385906/files/7e89de331a174f673640a41a4807357cac8b79fca9757857ddcd2ea6aad5118e [stream]
[debug] [2021-07-18T17:55:47.669Z] [uploadQueue] Retrying task 5c1022b38968f0bd01f8268daeced520055cc9334b46c932b540d03099efa1e7
[debug] [2021-07-18T17:55:47.670Z] >>> [apiv2][query] POST https://upload-firebasehosting.googleapis.com/upload/sites/animeshower/versions/096917053a385906/files/5c1022b38968f0bd01f8268daeced520055cc9334b46c932b540d03099efa1e7 [none]
[debug] [2021-07-18T17:55:47.670Z] >>> [apiv2][body] POST https://upload-firebasehosting.googleapis.com/upload/sites/animeshower/versions/096917053a385906/files/5c1022b38968f0bd01f8268daeced520055cc9334b46c932b540d03099efa1e7 [stream]
[debug] [2021-07-18T17:55:47.672Z] [uploadQueue] Retrying task 511dcdcf1914c88d30a3696e4be68e60235774e258067ba3a0e758b910ffd1bc
[debug] [2021-07-18T17:55:47.672Z] >>> [apiv2][query] POST https://upload-firebasehosting.googleapis.com/upload/sites/animeshower/versions/096917053a385906/files/511dcdcf1914c88d30a3696e4be68e60235774e258067ba3a0e758b910ffd1bc [none]
[debug] [2021-07-18T17:55:47.673Z] >>> [apiv2][body] POST https://upload-firebasehosting.googleapis.com/upload/sites/animeshower/versions/096917053a385906/files/511dcdcf1914c88d30a3696e4be68e60235774e258067ba3a0e758b910ffd1bc [stream]
[debug] [2021-07-18T17:56:10.315Z] [uploadQueue] Retrying task 1b11705361f0b543a8e9752ac85a5d443a19a0700cf4d509922c9777f165689a
[debug] [2021-07-18T17:56:10.316Z] >>> [apiv2][query] POST https://upload-firebasehosting.googleapis.com/upload/sites/animeshower/versions/096917053a385906/files/1b11705361f0b543a8e9752ac85a5d443a19a0700cf4d509922c9777f165689a [none]
[debug] [2021-07-18T17:56:10.316Z] >>> [apiv2][body] POST https://upload-firebasehosting.googleapis.com/upload/sites/animeshower/versions/096917053a385906/files/1b11705361f0b543a8e9752ac85a5d443a19a0700cf4d509922c9777f165689a [stream]
[debug] [2021-07-18T17:56:10.320Z] [uploadQueue] Retrying task 9a8ec1e31c18d8ff825305ee6ccc87b1610086f6a29ff7e7a56ef7d1e218437d
[debug] [2021-07-18T17:56:10.321Z] >>> [apiv2][query] POST https://upload-firebasehosting.googleapis.com/upload/sites/animeshower/versions/096917053a385906/files/9a8ec1e31c18d8ff825305ee6ccc87b1610086f6a29ff7e7a56ef7d1e218437d [none]
[debug] [2021-07-18T17:56:10.321Z] >>> [apiv2][body] POST https://upload-firebasehosting.googleapis.com/upload/sites/animeshower/versions/096917053a385906/files/9a8ec1e31c18d8ff825305ee6ccc87b1610086f6a29ff7e7a56ef7d1e218437d [stream]
[debug] [2021-07-18T17:56:10.323Z] [uploadQueue] Retrying task 5c1022b38968f0bd01f8268daeced520055cc9334b46c932b540d03099efa1e7
[debug] [2021-07-18T17:56:10.324Z] >>> [apiv2][query] POST https://upload-firebasehosting.googleapis.com/upload/sites/animeshower/versions/096917053a385906/files/5c1022b38968f0bd01f8268daeced520055cc9334b46c932b540d03099efa1e7 [none]
[debug] [2021-07-18T17:56:10.324Z] >>> [apiv2][body] POST https://upload-firebasehosting.googleapis.com/upload/sites/animeshower/versions/096917053a385906/files/5c1022b38968f0bd01f8268daeced520055cc9334b46c932b540d03099efa1e7 [stream]
[debug] [2021-07-18T17:56:10.326Z] [uploadQueue] Retrying task 1d85e60f4d9be96a87492dedf98a14f0ff8d007f1cd7d3bae0311b7cda743385
[debug] [2021-07-18T17:56:10.326Z] >>> [apiv2][query] POST https://upload-firebasehosting.googleapis.com/upload/sites/animeshower/versions/096917053a385906/files/1d85e60f4d9be96a87492dedf98a14f0ff8d007f1cd7d3bae0311b7cda743385 [none]
[debug] [2021-07-18T17:56:10.327Z] >>> [apiv2][body] POST https://upload-firebasehosting.googleapis.com/upload/sites/animeshower/versions/096917053a385906/files/1d85e60f4d9be96a87492dedf98a14f0ff8d007f1cd7d3bae0311b7cda743385 [stream]
[debug] [2021-07-18T17:56:10.328Z] [uploadQueue] Retrying task cfc4cb07bd8acdba45d44606bda33878f9ed4cb2e1e102271cdc035bf59f5763
[debug] [2021-07-18T17:56:10.331Z] >>> [apiv2][query] POST https://upload-firebasehosting.googleapis.com/upload/sites/animeshower/versions/096917053a385906/files/cfc4cb07bd8acdba45d44606bda33878f9ed4cb2e1e102271cdc035bf59f5763 [none]
[debug] [2021-07-18T17:56:10.331Z] >>> [apiv2][body] POST https://upload-firebasehosting.googleapis.com/upload/sites/animeshower/versions/096917053a385906/files/cfc4cb07bd8acdba45d44606bda33878f9ed4cb2e1e102271cdc035bf59f5763 [stream]
[debug] [2021-07-18T17:56:10.333Z] [uploadQueue] Retrying task 511dcdcf1914c88d30a3696e4be68e60235774e258067ba3a0e758b910ffd1bc
[debug] [2021-07-18T17:56:10.334Z] >>> [apiv2][query] POST https://upload-firebasehosting.googleapis.com/upload/sites/animeshower/versions/096917053a385906/files/511dcdcf1914c88d30a3696e4be68e60235774e258067ba3a0e758b910ffd1bc [none]
[debug] [2021-07-18T17:56:10.334Z] >>> [apiv2][body] POST https://upload-firebasehosting.googleapis.com/upload/sites/animeshower/versions/096917053a385906/files/511dcdcf1914c88d30a3696e4be68e60235774e258067ba3a0e758b910ffd1bc [stream]
[debug] [2021-07-18T17:56:10.336Z] [uploadQueue] Retrying task 4a6d408ed7736d5e652ba6d8b919d0c559c2792c88b372024d957375216b2be0
[debug] [2021-07-18T17:56:10.336Z] >>> [apiv2][query] POST https://upload-firebasehosting.googleapis.com/upload/sites/animeshower/versions/096917053a385906/files/4a6d408ed7736d5e652ba6d8b919d0c559c2792c88b372024d957375216b2be0 [none]
[debug] [2021-07-18T17:56:10.337Z] >>> [apiv2][body] POST https://upload-firebasehosting.googleapis.com/upload/sites/animeshower/versions/096917053a385906/files/4a6d408ed7736d5e652ba6d8b919d0c559c2792c88b372024d957375216b2be0 [stream]
[debug] [2021-07-18T17:56:10.339Z] [uploadQueue] Retrying task 7e89de331a174f673640a41a4807357cac8b79fca9757857ddcd2ea6aad5118e
[debug] [2021-07-18T17:56:10.343Z] >>> [apiv2][query] POST https://upload-firebasehosting.googleapis.com/upload/sites/animeshower/versions/096917053a385906/files/7e89de331a174f673640a41a4807357cac8b79fca9757857ddcd2ea6aad5118e [none]
[debug] [2021-07-18T17:56:10.343Z] >>> [apiv2][body] POST https://upload-firebasehosting.googleapis.com/upload/sites/animeshower/versions/096917053a385906/files/7e89de331a174f673640a41a4807357cac8b79fca9757857ddcd2ea6aad5118e [stream]
